[27.01.2026 13:59:34] ============================================================
[27.01.2026 13:59:34] 🚀 ЗАПУСК СКРИПТА: 27.01.2026 13:59:34
[27.01.2026 13:59:35] ============================================================
[27.01.2026 13:59:35] 📁 Источник: \\fs.alkor.ru\ЦАП\ВнешниеИсточники\СБ\Остатки\Северо-Поволжский.xlsx
[27.01.2026 13:59:35] 💾 Назначение: D:\Ноут\Летуаль\Остатки\Северо-Поволжский_2026-01-27.xlsx
[27.01.2026 13:59:35] 🔌 Подключение к сетевой папке...
[27.01.2026 13:59:35]    ✅ Подключение установлено
[27.01.2026 13:59:37] 
📤 Копирование файла...
[27.01.2026 13:59:43]    ✅ Файл успешно скопирован!
[27.01.2026 13:59:43]    📊 Размер: 4,871,126 байт (4.6 MB)
[27.01.2026 13:59:43]    ✅ Подключение закрыто
[27.01.2026 13:59:43] 
============================================================
[27.01.2026 13:59:43] 🎉 ОПЕРАЦИЯ УСПЕШНО ЗАВЕРШЕНА!
[27.01.2026 13:59:43] 📁 Файл сохранен: Северо-Поволжский_2026-01-27.xlsx
[27.01.2026 13:59:43] 📂 Папка: D:\Ноут\Летуаль\Остатки
[27.01.2026 13:59:43] ============================================================
[27.01.2026 14:04:01] ============================================================
[27.01.2026 14:04:02] 🚀 ЗАПУСК СКРИПТА: 27.01.2026 14:04:02
[27.01.2026 14:04:02] ============================================================
[27.01.2026 14:04:02] 📁 Источник: \\fs.alkor.ru\ЦАП\ВнешниеИсточники\СБ\Остатки\Северо-Поволжский.xlsx
[27.01.2026 14:04:02] 💾 Назначение: D:\Ноут\Летуаль\Остатки\Северо-Поволжский_2026-01-27.xlsx
[27.01.2026 14:04:02] 🔌 Подключение к сетевой папке...
[27.01.2026 14:04:02]    ✅ Подключение установлено
[27.01.2026 14:04:05] 
📤 Копирование файла...
[27.01.2026 14:04:15]    ✅ Файл успешно скопирован!
[27.01.2026 14:04:15]    📊 Размер: 4,871,126 байт (4.6 MB)
[27.01.2026 14:04:15]    ✅ Подключение закрыто
[27.01.2026 14:04:15] 
============================================================
[27.01.2026 14:04:15] 🎉 ОПЕРАЦИЯ УСПЕШНО ЗАВЕРШЕНА!
[27.01.2026 14:04:15] 📁 Файл сохранен: Северо-Поволжский_2026-01-27.xlsx
[27.01.2026 14:04:15] 📂 Папка: D:\Ноут\Летуаль\Остатки
[27.01.2026 14:04:15] ============================================================
